<?xml version="1.0" encoding="UTF-8"?>
<testng-results skipped="0" failed="0" ignored="0" total="2" passed="2">
  <reporter-output>
  </reporter-output>
  <suite name="AssessmentProjectTests" duration-ms="18297" started-at="2018-11-21T14:46:55Z" finished-at="2018-11-21T14:47:13Z">
    <groups>
    </groups>
    <test name="Assessment TestCases" duration-ms="18297" started-at="2018-11-21T14:46:55Z" finished-at="2018-11-21T14:47:13Z">
      <class name="com.org.ui.tests.NewUserTest">
        <test-method status="PASS" signature="setUp()[pri:0, instance:com.org.ui.tests.NewUserTest@a38c7fe]" name="setUp" is-config="true" duration-ms="2723" started-at="2018-11-21T09:46:55Z" finished-at="2018-11-21T09:46:57Z">
          <reporter-output>
          </reporter-output>
        </test-method> <!-- setUp -->
        <test-method status="PASS" signature="testNewUser()[pri:0, instance:com.org.ui.tests.NewUserTest@a38c7fe]" name="testNewUser" duration-ms="13974" started-at="2018-11-21T09:46:57Z" finished-at="2018-11-21T09:47:11Z">
          <reporter-output>
          </reporter-output>
        </test-method> <!-- testNewUser -->
        <test-method status="PASS" signature="testFilters()[pri:0, instance:com.org.ui.tests.NewUserTest@a38c7fe]" name="testFilters" duration-ms="822" started-at="2018-11-21T09:47:11Z" finished-at="2018-11-21T09:47:12Z">
          <reporter-output>
          </reporter-output>
        </test-method> <!-- testFilters -->
        <test-method status="PASS" signature="closeApplication()[pri:0, instance:com.org.ui.tests.NewUserTest@a38c7fe]" name="closeApplication" is-config="true" duration-ms="757" started-at="2018-11-21T09:47:12Z" finished-at="2018-11-21T09:47:13Z">
          <reporter-output>
          </reporter-output>
        </test-method> <!-- closeApplication -->
      </class> <!-- com.org.ui.tests.NewUserTest -->
    </test> <!-- Assessment TestCases -->
  </suite> <!-- AssessmentProjectTests -->
</testng-results>
