<?xml version="1.0" encoding="UTF-8"?>
<!-- Generated by org.testng.reporters.JUnitXMLReporter -->
<testsuite hostname="U0160891-TPD-A" ignored="0" name="Default test" tests="3" failures="0" timestamp="21 Nov 2018 13:13:37 GMT" time="1.238" errors="0">
  <testcase name="putCommentResourceTest" time="0.791" classname="com.org.restapi.tests.RestApiPutTests"/>
  <testcase name="putPostsTest" time="0.211" classname="com.org.restapi.tests.RestApiPutTests"/>
  <testcase name="putUsersTest" time="0.205" classname="com.org.restapi.tests.RestApiPutTests"/>
</testsuite> <!-- Default test -->
